<?xml version="1.0" encoding="UTF-8"?>
<!-- Generated by org.testng.reporters.JUnitReportReporter -->
<testsuite hostname="DESKTOP-F7R8644" failures="0" tests="1" name="com.RMGYantra.responseValidation.HancrestValidationTest" time="6.163" errors="0" timestamp="2022-02-14T17:58:44 IST" skipped="0">
  <testcase classname="com.RMGYantra.responseValidation.HancrestValidationTest" name="hanscrestTimevalidation" time="6.163"/>
  <system-out/>
</testsuite> <!-- com.RMGYantra.responseValidation.HancrestValidationTest -->
