<?xml version="1.0" encoding="UTF-8"?>
<!-- Generated by org.testng.reporters.JUnitReportReporter -->
<testsuite hostname="DESKTOP-F7R8644" failures="0" tests="1" name="com.RMGYantra.authentication.BasicAuthentication" time="8.714" errors="0" timestamp="2022-02-15T13:36:34 IST" skipped="0">
  <testcase classname="com.RMGYantra.authentication.BasicAuthentication" name="basicAuth" time="8.714"/>
  <system-out/>
</testsuite> <!-- com.RMGYantra.authentication.BasicAuthentication -->
