<?xml version="1.0" encoding="UTF-8"?>
<!-- Generated by org.testng.reporters.JUnitReportReporter -->
<testsuite hostname="DESKTOP-F7R8644" failures="0" tests="1" name="com.RMGYantra.parameters.QueryParamTest" time="6.621" errors="0" timestamp="2022-02-14T18:22:39 IST" skipped="0">
  <testcase classname="com.RMGYantra.parameters.QueryParamTest" name="queryParamTest" time="6.621"/>
  <system-out/>
</testsuite> <!-- com.RMGYantra.parameters.QueryParamTest -->
