<?xml version="1.0" encoding="UTF-8"?>
<!-- Generated by org.testng.reporters.JUnitReportReporter -->
<testsuite hostname="DESKTOP-F7R8644" failures="0" tests="1" name="com.CoopsAPI.authentication.CoopsApiPostChickenFeed" time="6.807" errors="0" timestamp="2022-02-15T16:51:19 IST" skipped="0">
  <testcase classname="com.CoopsAPI.authentication.CoopsApiPostChickenFeed" name="oauth2AuthForPostChickenFeed" time="6.807"/>
  <system-out/>
</testsuite> <!-- com.CoopsAPI.authentication.CoopsApiPostChickenFeed -->
