<?xml version="1.0" encoding="UTF-8"?>
<!-- Generated by org.testng.reporters.JUnitReportReporter -->
<testsuite hostname="DESKTOP-F7R8644" failures="0" tests="1" name="alts.CreateProjUsingJsonFile" time="4.726" errors="0" timestamp="2022-02-11T17:00:50 IST" skipped="0">
  <testcase classname="alts.CreateProjUsingJsonFile" name="createProjUsingJsonFile" time="4.726"/>
  <system-out/>
</testsuite> <!-- alts.CreateProjUsingJsonFile -->
