<?xml version="1.0" encoding="UTF-8"?>
<!-- Generated by org.testng.reporters.JUnitReportReporter -->
<testsuite hostname="DESKTOP-F7R8644" failures="0" tests="1" name="com.EndToEndScenario.auth.EndToEndBusinessScenario" time="6.046" errors="0" timestamp="2022-02-15T18:45:40 IST" skipped="0">
  <testcase classname="com.EndToEndScenario.auth.EndToEndBusinessScenario" name="endToEndScenario" time="6.046"/>
  <system-out/>
</testsuite> <!-- com.EndToEndScenario.auth.EndToEndBusinessScenario -->
