<?xml version="1.0" encoding="UTF-8"?>
<!-- Generated by org.testng.reporters.JUnitReportReporter -->
<testsuite hostname="DESKTOP-F7R8644" failures="0" tests="1" name="com.RMGYantra.authentication.BearerTokenToListAllReposInGitHub" time="6.308" errors="0" timestamp="2022-02-15T15:44:08 IST" skipped="0">
  <testcase classname="com.RMGYantra.authentication.BearerTokenToListAllReposInGitHub" name="bearerTokenToListAllRepo" time="6.308"/>
  <system-out/>
</testsuite> <!-- com.RMGYantra.authentication.BearerTokenToListAllReposInGitHub -->
