<?xml version="1.0" encoding="UTF-8"?>
<!-- Generated by org.testng.reporters.JUnitReportReporter -->
<testsuite hostname="DESKTOP-F7R8644" failures="0" tests="1" name="com.RMGYantra.authentication.DigestiveAuthenticationTest" time="4.256" errors="0" timestamp="2022-02-15T13:52:10 IST" skipped="0">
  <testcase classname="com.RMGYantra.authentication.DigestiveAuthenticationTest" name="directAuth" time="4.256"/>
  <system-out/>
</testsuite> <!-- com.RMGYantra.authentication.DigestiveAuthenticationTest -->
