<?xml version="1.0" encoding="UTF-8"?>
<!-- Generated by org.testng.reporters.JUnitReportReporter -->
<testsuite hostname="DESKTOP-F7R8644" failures="0" tests="4" name="com.RMGYantra.pojoClass.CreateMultipleProjectsUsingPojoClass" time="4.578" errors="0" timestamp="2022-02-14T15:43:45 IST" skipped="0">
  <testcase classname="com.RMGYantra.pojoClass.CreateMultipleProjectsUsingPojoClass" name="createMultipleProjectsByPojo" time="0.132"/>
  <system-out/>
  <testcase classname="com.RMGYantra.pojoClass.CreateMultipleProjectsUsingPojoClass" name="createMultipleProjectsByPojo" time="0.123"/>
  <system-out/>
  <testcase classname="com.RMGYantra.pojoClass.CreateMultipleProjectsUsingPojoClass" name="createMultipleProjectsByPojo" time="0.124"/>
  <system-out/>
  <testcase classname="com.RMGYantra.pojoClass.CreateMultipleProjectsUsingPojoClass" name="createMultipleProjectsByPojo" time="4.199"/>
  <system-out/>
</testsuite> <!-- com.RMGYantra.pojoClass.CreateMultipleProjectsUsingPojoClass -->
