<?xml version="1.0" encoding="UTF-8"?>
<!-- Generated by org.testng.reporters.JUnitReportReporter -->
<testsuite hostname="DESKTOP-F7R8644" failures="0" tests="1" name="com.CoopsAPI.authentication.CoopsApiEggsCollectedToday" time="6.581" errors="0" timestamp="2022-02-15T16:58:00 IST" skipped="0">
  <testcase classname="com.CoopsAPI.authentication.CoopsApiEggsCollectedToday" name="oauth2AuthForEggsCollectedToday" time="6.581"/>
  <system-out/>
</testsuite> <!-- com.CoopsAPI.authentication.CoopsApiEggsCollectedToday -->
