<?xml version="1.0" encoding="UTF-8"?>
<!-- Generated by org.testng.reporters.JUnitReportReporter -->
<testsuite hostname="DESKTOP-F7R8644" failures="0" tests="1" name="com.CoopsAPI.authentication.CoopsApiPostCollectEggs" time="6.252" errors="0" timestamp="2022-02-15T16:55:44 IST" skipped="0">
  <testcase classname="com.CoopsAPI.authentication.CoopsApiPostCollectEggs" name="oauth2AuthForPostChickenToilet" time="6.252"/>
  <system-out/>
</testsuite> <!-- com.CoopsAPI.authentication.CoopsApiPostCollectEggs -->
