<?xml version="1.0" encoding="UTF-8"?>
<!-- Generated by org.testng.reporters.JUnitReportReporter -->
<testsuite hostname="DESKTOP-F7R8644" failures="0" tests="1" name="com.RMGYantra.RequestChaining.ReqChainingGetAndDeleteProj" time="5.172" errors="0" timestamp="2022-02-15T12:23:54 IST" skipped="0">
  <testcase classname="com.RMGYantra.RequestChaining.ReqChainingGetAndDeleteProj" name="getAndDeleteReqChain" time="5.172"/>
  <system-out/>
</testsuite> <!-- com.RMGYantra.RequestChaining.ReqChainingGetAndDeleteProj -->
