<?xml version="1.0" encoding="UTF-8"?>
<!-- Generated by org.testng.reporters.JUnitReportReporter -->
<testsuite hostname="DESKTOP-F7R8644" failures="0" tests="1" name="com.CoopsAPI.authentication.CoopsApiPostToiletChicken" time="6.702" errors="0" timestamp="2022-02-15T16:53:15 IST" skipped="0">
  <testcase classname="com.CoopsAPI.authentication.CoopsApiPostToiletChicken" name="oauth2AuthForPostChickenToilet" time="6.702"/>
  <system-out/>
</testsuite> <!-- com.CoopsAPI.authentication.CoopsApiPostToiletChicken -->
