<?xml version="1.0" encoding="UTF-8"?>
<!-- Generated by org.testng.reporters.JUnitReportReporter -->
<testsuite hostname="DESKTOP-F7R8644" failures="0" tests="1" name="withoutBDD.GetAllProjectsTest" time="5.363" errors="0" timestamp="2022-02-11T11:44:56 IST" skipped="0">
  <testcase classname="withoutBDD.GetAllProjectsTest" name="getAllProjects" time="5.363"/>
  <system-out/>
</testsuite> <!-- withoutBDD.GetAllProjectsTest -->
