<?xml version="1.0" encoding="UTF-8"?>
<!-- Generated by org.testng.reporters.JUnitReportReporter -->
<testsuite hostname="DESKTOP-F7R8644" failures="0" tests="1" name="withBDD.CreateProject" time="17.090" errors="0" timestamp="2022-02-11T16:22:29 IST" skipped="0">
  <testcase classname="withBDD.CreateProject" name="createProject" time="17.090"/>
  <system-out/>
</testsuite> <!-- withBDD.CreateProject -->
