<?xml version="1.0" encoding="UTF-8"?>
<!-- Generated by org.testng.reporters.JUnitReportReporter -->
<testsuite hostname="DESKTOP-F7R8644" failures="0" tests="1" name="alts.UpdateProjUsingHashMap" time="4.646" errors="0" timestamp="2022-02-11T18:05:30 IST" skipped="0">
  <testcase classname="alts.UpdateProjUsingHashMap" name="updateProjUsingHashMap" time="4.646"/>
  <system-out/>
</testsuite> <!-- alts.UpdateProjUsingHashMap -->
