<?xml version="1.0" encoding="UTF-8"?>
<!-- Generated by org.testng.reporters.JUnitReportReporter -->
<testsuite hostname="DESKTOP-F7R8644" failures="0" tests="1" name="withBDD.UpdateProjectwithBDD" time="8.174" errors="0" timestamp="2022-02-11T17:51:01 IST" skipped="0">
  <testcase classname="withBDD.UpdateProjectwithBDD" name="updateProjWithBDD" time="8.174"/>
  <system-out/>
</testsuite> <!-- withBDD.UpdateProjectwithBDD -->
