<?xml version="1.0" encoding="UTF-8"?>
<!-- Generated by org.testng.reporters.JUnitReportReporter -->
<testsuite hostname="DESKTOP-F7R8644" failures="0" tests="1" name="com.RMGYantra.authentication.OauthAuthenticationForCoop" time="6.885" errors="0" timestamp="2022-02-15T16:46:14 IST" skipped="0">
  <testcase classname="com.RMGYantra.authentication.OauthAuthenticationForCoop" name="oauth2Auth" time="6.885"/>
  <system-out/>
</testsuite> <!-- com.RMGYantra.authentication.OauthAuthenticationForCoop -->
