<?xml version="1.0" encoding="UTF-8"?>
<!-- Generated by org.testng.reporters.JUnitReportReporter -->
<testsuite hostname="DESKTOP-F7R8644" failures="0" tests="1" name="withBDD.DeleteProject" time="3.287" errors="0" timestamp="2022-02-11T16:47:04 IST" skipped="0">
  <testcase classname="withBDD.DeleteProject" name="deleteProject" time="3.287"/>
  <system-out/>
</testsuite> <!-- withBDD.DeleteProject -->
