<?xml version="1.0" encoding="UTF-8"?>
<!-- Generated by org.testng.reporters.JUnitReportReporter -->
<testsuite hostname="DESKTOP-F7R8644" failures="0" tests="1" name="com.CoopsAPI.authentication.CoopsApiGetMethod" time="6.665" errors="0" timestamp="2022-02-15T17:25:56 IST" skipped="0">
  <testcase classname="com.CoopsAPI.authentication.CoopsApiGetMethod" name="oauth2AuthForGetMethod" time="6.665"/>
  <system-out/>
</testsuite> <!-- com.CoopsAPI.authentication.CoopsApiGetMethod -->
