<?xml version="1.0" encoding="UTF-8"?>
<!-- Generated by org.testng.reporters.JUnitReportReporter -->
<testsuite hostname="DESKTOP-F7R8644" failures="0" tests="1" name="withoutBDD.Getproject" time="4.014" errors="0" timestamp="2022-02-11T12:34:39 IST" skipped="0">
  <testcase classname="withoutBDD.Getproject" name="getAllProjects" time="4.014"/>
  <system-out/>
</testsuite> <!-- withoutBDD.Getproject -->
