<?xml version="1.0" encoding="UTF-8"?>
<!-- Generated by org.testng.reporters.JUnitReportReporter -->
<testsuite hostname="DESKTOP-F7R8644" failures="0" tests="1" name="com.RMGYantra.authentication.BearerTokenAuthenticationTest" time="4.416" errors="0" timestamp="2022-02-15T15:25:10 IST" skipped="0">
  <testcase classname="com.RMGYantra.authentication.BearerTokenAuthenticationTest" name="bearerTokenAuth" time="4.416"/>
  <system-out/>
</testsuite> <!-- com.RMGYantra.authentication.BearerTokenAuthenticationTest -->
