<?xml version="1.0" encoding="UTF-8"?>
<!-- Generated by org.testng.reporters.JUnitReportReporter -->
<testsuite hostname="DESKTOP-F7R8644" failures="0" tests="1" name="com.RMGYantra.responseValidation.StaticValidateResponse" time="6.439" errors="0" timestamp="2022-02-14T16:26:11 IST" skipped="0">
  <testcase classname="com.RMGYantra.responseValidation.StaticValidateResponse" name="staticValidateResponse" time="6.439"/>
  <system-out/>
</testsuite> <!-- com.RMGYantra.responseValidation.StaticValidateResponse -->
