<?xml version="1.0" encoding="UTF-8"?>
<!-- Generated by org.testng.reporters.JUnitReportReporter -->
<testsuite hostname="DESKTOP-F7R8644" failures="0" tests="1" name="alts.UpdateProjUsingJsonFile" time="5.401" errors="0" timestamp="2022-02-11T18:00:45 IST" skipped="0">
  <testcase classname="alts.UpdateProjUsingJsonFile" name="updateProjUsingJsonFile" time="5.401"/>
  <system-out/>
</testsuite> <!-- alts.UpdateProjUsingJsonFile -->
