<?xml version="1.0" encoding="UTF-8"?>
<!-- Generated by org.testng.reporters.JUnitReportReporter -->
<testsuite hostname="DESKTOP-F7R8644" failures="0" tests="1" name="com.RMGYantra.responseValidation.DynamicValidateResponse" time="5.210" errors="0" timestamp="2022-02-14T17:22:05 IST" skipped="0">
  <testcase classname="com.RMGYantra.responseValidation.DynamicValidateResponse" name="dynamicValidateResponse" time="5.210"/>
  <system-out/>
</testsuite> <!-- com.RMGYantra.responseValidation.DynamicValidateResponse -->
