<?xml version="1.0" encoding="UTF-8"?>
<!-- Generated by org.testng.reporters.JUnitReportReporter -->
<testsuite hostname="DESKTOP-F7R8644" failures="0" tests="1" name="withoutBDD.UpdateAProject" time="4.509" errors="0" timestamp="2022-02-11T13:15:11 IST" skipped="0">
  <testcase classname="withoutBDD.UpdateAProject" name="updateProject" time="4.509"/>
  <system-out/>
</testsuite> <!-- withoutBDD.UpdateAProject -->
