<?xml version="1.0" encoding="UTF-8"?>
<!-- Generated by org.testng.reporters.JUnitReportReporter -->
<testsuite hostname="DESKTOP-F7R8644" failures="0" tests="1" name="withoutBDD.CreateProject" time="6.361" errors="0" timestamp="2022-02-11T12:17:54 IST" skipped="0">
  <testcase classname="withoutBDD.CreateProject" name="createoroject" time="6.361"/>
  <system-out/>
</testsuite> <!-- withoutBDD.CreateProject -->
