<?xml version="1.0" encoding="UTF-8"?>
<!-- Generated by org.testng.reporters.JUnitReportReporter -->
<testsuite hostname="DESKTOP-F7R8644" failures="0" tests="1" name="withBDD.GetAllProjects" time="28.806" errors="0" timestamp="2022-02-11T15:56:58 IST" skipped="0">
  <testcase classname="withBDD.GetAllProjects" name="getAllProjects" time="28.806"/>
  <system-out/>
</testsuite> <!-- withBDD.GetAllProjects -->
