<?xml version="1.0" encoding="UTF-8"?>
<!-- Generated by org.testng.reporters.JUnitReportReporter -->
<testsuite hostname="DESKTOP-F7R8644" failures="0" tests="1" name="com.RMGYantra.RequestChaining.PostandGetRequestChain" time="5.518" errors="0" timestamp="2022-02-15T13:21:52 IST" skipped="0">
  <testcase classname="com.RMGYantra.RequestChaining.PostandGetRequestChain" name="postAndGetReqChain" time="5.518"/>
  <system-out/>
</testsuite> <!-- com.RMGYantra.RequestChaining.PostandGetRequestChain -->
