<?xml version="1.0" encoding="UTF-8"?>
<!-- Generated by org.testng.reporters.JUnitReportReporter -->
<testsuite hostname="DESKTOP-F7R8644" failures="0" tests="1" name="withoutBDD.DeleteProject" time="3.531" errors="0" timestamp="2022-02-11T13:00:08 IST" skipped="0">
  <testcase classname="withoutBDD.DeleteProject" name="deleteProject" time="3.531"/>
  <system-out/>
</testsuite> <!-- withoutBDD.DeleteProject -->
