<?xml version="1.0" encoding="UTF-8"?>
<!-- Generated by org.testng.reporters.JUnitReportReporter -->
<testsuite hostname="DESKTOP-F7R8644" failures="0" tests="1" name="com.CoopsAPI.authentication.CoopsApiUnlockTheBarn" time="6.240" errors="0" timestamp="2022-02-15T17:00:20 IST" skipped="0">
  <testcase classname="com.CoopsAPI.authentication.CoopsApiUnlockTheBarn" name="oauth2AuthForUnlockTheBarn" time="6.240"/>
  <system-out/>
</testsuite> <!-- com.CoopsAPI.authentication.CoopsApiUnlockTheBarn -->
