<?xml version="1.0" encoding="UTF-8"?>
<!-- Generated by org.testng.reporters.JUnitReportReporter -->
<testsuite hostname="DESKTOP-F7R8644" failures="0" tests="1" name="alts.CreateProjUsingHashMap" time="5.541" errors="0" timestamp="2022-02-11T16:45:44 IST" skipped="0">
  <testcase classname="alts.CreateProjUsingHashMap" name="createProjUsingHashMap" time="5.541"/>
  <system-out/>
</testsuite> <!-- alts.CreateProjUsingHashMap -->
